  Utils.cpp
C:\Users\Administrator\Desktop\Assignment5_Bezier_Curve\CGAssignment5\src\Utils.h(19,21): warning C4244: “参数”: 从“double”转换到“int”，可能丢失数据
C:\Users\Administrator\Desktop\Assignment5_Bezier_Curve\CGAssignment5\src\Utils.h(19,16): warning C4244: “参数”: 从“double”转换到“int”，可能丢失数据
C:\Users\Administrator\Desktop\Assignment5_Bezier_Curve\CGAssignment5\src\Utils.h(25,28): warning C4244: “参数”: 从“double”转换到“int”，可能丢失数据
C:\Users\Administrator\Desktop\Assignment5_Bezier_Curve\CGAssignment5\src\Utils.h(25,17): warning C4244: “参数”: 从“double”转换到“int”，可能丢失数据
C:\Users\Administrator\Desktop\Assignment5_Bezier_Curve\CGAssignment5\src\Utils.h(41,21): warning C4244: “参数”: 从“double”转换到“int”，可能丢失数据
C:\Users\Administrator\Desktop\Assignment5_Bezier_Curve\CGAssignment5\src\Utils.h(41,18): warning C4244: “参数”: 从“double”转换到“int”，可能丢失数据
C:\Users\Administrator\Desktop\Assignment5_Bezier_Curve\CGAssignment5\src\Utils.cpp(42,21): warning C4018: “<”: 有符号/无符号不匹配
C:\Users\Administrator\Desktop\Assignment5_Bezier_Curve\CGAssignment5\src\Utils.cpp(49,21): warning C4018: “<”: 有符号/无符号不匹配
C:\Users\Administrator\Desktop\Assignment5_Bezier_Curve\CGAssignment5\src\Utils.cpp(53,36): warning C4244: “参数”: 从“const double”转换到“int”，可能丢失数据
C:\Users\Administrator\Desktop\Assignment5_Bezier_Curve\CGAssignment5\src\Utils.cpp(53,30): warning C4244: “参数”: 从“const double”转换到“int”，可能丢失数据
C:\Users\Administrator\Desktop\Assignment5_Bezier_Curve\CGAssignment5\src\Utils.cpp(53,24): warning C4244: “参数”: 从“const double”转换到“int”，可能丢失数据
C:\Users\Administrator\Desktop\Assignment5_Bezier_Curve\CGAssignment5\src\Utils.cpp(53,18): warning C4244: “参数”: 从“const double”转换到“int”，可能丢失数据
C:\Users\Administrator\Desktop\Assignment5_Bezier_Curve\CGAssignment5\src\Utils.cpp(77,72): warning C4244: “参数”: 从“double”转换到“int”，可能丢失数据
C:\Users\Administrator\Desktop\Assignment5_Bezier_Curve\CGAssignment5\src\Utils.cpp(77,60): warning C4244: “参数”: 从“double”转换到“int”，可能丢失数据
C:\Users\Administrator\Desktop\Assignment5_Bezier_Curve\CGAssignment5\src\Utils.cpp(77,48): warning C4244: “参数”: 从“double”转换到“int”，可能丢失数据
C:\Users\Administrator\Desktop\Assignment5_Bezier_Curve\CGAssignment5\src\Utils.cpp(77,36): warning C4244: “参数”: 从“double”转换到“int”，可能丢失数据
C:\Users\Administrator\Desktop\Assignment5_Bezier_Curve\CGAssignment5\src\Utils.cpp(82,60): warning C4244: “参数”: 从“double”转换到“int”，可能丢失数据
C:\Users\Administrator\Desktop\Assignment5_Bezier_Curve\CGAssignment5\src\Utils.cpp(82,45): warning C4244: “参数”: 从“double”转换到“int”，可能丢失数据
C:\Users\Administrator\Desktop\Assignment5_Bezier_Curve\CGAssignment5\src\Utils.cpp(96,65): warning C4244: “参数”: 从“double”转换到“int”，可能丢失数据
C:\Users\Administrator\Desktop\Assignment5_Bezier_Curve\CGAssignment5\src\Utils.cpp(96,50): warning C4244: “参数”: 从“double”转换到“int”，可能丢失数据
C:\Users\Administrator\Desktop\Assignment5_Bezier_Curve\CGAssignment5\src\Utils.cpp(106,118): warning C4244: “参数”: 从“double”转换到“int”，可能丢失数据
C:\Users\Administrator\Desktop\Assignment5_Bezier_Curve\CGAssignment5\src\Utils.cpp(106,103): warning C4244: “参数”: 从“double”转换到“int”，可能丢失数据
C:\Users\Administrator\Desktop\Assignment5_Bezier_Curve\CGAssignment5\src\Utils.cpp(106,88): warning C4244: “参数”: 从“double”转换到“int”，可能丢失数据
C:\Users\Administrator\Desktop\Assignment5_Bezier_Curve\CGAssignment5\src\Utils.cpp(106,73): warning C4244: “参数”: 从“double”转换到“int”，可能丢失数据
C:\Users\Administrator\Desktop\Assignment5_Bezier_Curve\CGAssignment5\src\Utils.cpp(107,102): warning C4244: “参数”: 从“double”转换到“int”，可能丢失数据
C:\Users\Administrator\Desktop\Assignment5_Bezier_Curve\CGAssignment5\src\Utils.cpp(107,83): warning C4244: “参数”: 从“double”转换到“int”，可能丢失数据
C:\Users\Administrator\Desktop\Assignment5_Bezier_Curve\CGAssignment5\src\Utils.cpp(108,102): warning C4244: “参数”: 从“double”转换到“int”，可能丢失数据
C:\Users\Administrator\Desktop\Assignment5_Bezier_Curve\CGAssignment5\src\Utils.cpp(108,83): warning C4244: “参数”: 从“double”转换到“int”，可能丢失数据
C:\Users\Administrator\Desktop\Assignment5_Bezier_Curve\CGAssignment5\src\Utils.cpp(134,20): warning C4018: “<”: 有符号/无符号不匹配
C:\Users\Administrator\Desktop\Assignment5_Bezier_Curve\CGAssignment5\src\Utils.cpp(143,20): warning C4018: “<”: 有符号/无符号不匹配
  CGAssignment5.vcxproj -> C:\Users\Administrator\Desktop\Assignment5_Bezier_Curve\CGAssignment5\build\Debug\CGAssignment5.exe
